<?xml version="1.0" encoding="UTF-8" ?>
<testsuite errors="0" failures="0" hostname="DESKTOP-BFDBLOM" name="gone.GameTest" skipped="0" tests="28" time="30.246" timestamp="2019-03-22T18:44:05">
  <properties>
[...]
</properties>
  <testcase classname="gone.GameTest" name="shouldReplacePebblesAroundLocationNominal" time="0.078" />
  <testcase classname="gone.GameTest" name="replaceIfBlackPebbleLocationOffBoardLeftEdge" time="0.033" />
  <testcase classname="gone.GameTest" name="shouldFailReplacingAroundNullLocation" time="0.013" />
  <testcase classname="gone.GameTest" name="locationShouldBeOffBoardTopEdge" time="0.016" />
  <testcase classname="gone.GameTest" name="playWithNoWhitePebblesShouldDoNothing" time="0.016" />
  <testcase classname="gone.GameTest" name="playWithExampleShouldWorkAsExpected" time="0.025" />
  <testcase classname="gone.GameTest" name="replaceIfBlackPebbleLocationOffBoardBottomEdge" time="0.0" />
  <testcase classname="gone.GameTest" name="shouldReplacePebblesOnBoardAndSkipPebblesOffBoard" time="0.007" />
  <testcase classname="gone.GameTest" name="replaceIfBlackPebbleLocationOffBoardTopEdge" time="0.0" />
  <testcase classname="gone.GameTest" name="locationShouldBeOffBoardRightEdge" time="0.0" />
  <testcase classname="gone.GameTest" name="boardContainsNoBlackPebbles" time="0.016" />
  <testcase classname="gone.GameTest" name="shouldFailToCheckLocationOnNullBoard" time="0.01" />
  <testcase classname="gone.GameTest" name="playWithNominalTest" time="0.0" />
  <testcase classname="gone.GameTest" name="locationShouldBeOffBoardLeftEdge" time="0.0" />
  <testcase classname="gone.GameTest" name="nullFailureBoardContainsBlackPebbles" time="0.002" />
  <testcase classname="gone.GameTest" name="emptyBoardContainsBlackPebbles" time="0.0" />
  <testcase classname="gone.GameTest" name="replaceIfBlackPebbleTrue" time="0.003" />
  <testcase classname="gone.GameTest" name="locationShouldBeOffBoardBottomEdge" time="0.012" />
  <testcase classname="gone.GameTest" name="playWithNullWhitePebblesShouldFail" time="0.007" />
  <testcase classname="gone.GameTest" name="nullParamsReplaceIfBlackPebble" time="0.0" />
  <testcase classname="gone.GameTest" name="locationShouldBeOnBoardLeftEdge" time="0.016" />
  <testcase classname="gone.GameTest" name="playWithMassiveBoard" time="29.613" />
  <testcase classname="gone.GameTest" name="replaceIfBlackPebbleLocationOffBoardRightEdge" time="0.0" />
  <testcase classname="gone.GameTest" name="locationShouldBeOnBoardCenter" time="0.012" />
  <testcase classname="gone.GameTest" name="shouldFailReplacingWithNonUniformBoardSize" time="0.015" />
  <testcase classname="gone.GameTest" name="replaceIfBlackPebbleNullSpotOnBoard" time="0.0" />
  <testcase classname="gone.GameTest" name="locationShouldBeOnBoardTopEdge" time="0.011" />
  <testcase classname="gone.GameTest" name="boardContainsBlackPebbles" time="0.013" />
  <system-out><![CDATA[]]></system-out>
  <system-err><![CDATA[]]></system-err>
</testsuite>
